<?xml version="1.0" encoding="UTF-8"?>
<testsuite xmlns:xsi="http://www.w3.org/2001/XMLSchema-instance" xsi:noNamespaceSchemaLocation="https://maven.apache.org/surefire/maven-surefire-plugin/xsd/surefire-test-report-3.0.xsd" version="3.0" name="Projekt_Arbeit.Projekt_Anwendung.ProjektAnwendungApplicationTests" time="14.862" tests="1" errors="0" skipped="0" failures="0">
  <properties>
[...]
</properties>
  <testcase name="contextLoads" classname="Projekt_Arbeit.Projekt_Anwendung.ProjektAnwendungApplicationTests" time="0.974">
    <system-out><![CDATA[10:25:48.541 [main] INFO org.springframework.test.context.support.AnnotationConfigContextLoaderUtils -- Could not detect default configuration classes for test class [Projekt_Arbeit.Projekt_Anwendung.ProjektAnwendungApplicationTests]: ProjektAnwendungApplicationTests does not declare any static, non-private, non-final, nested classes annotated with @Configuration.
10:25:48.833 [main] INFO org.springframework.boot.test.context.SpringBootTestContextBootstrapper -- Found @SpringBootConfiguration Projekt_Arbeit.Projekt_Anwendung.ProjektAnwendung for test class Projekt_Arbeit.Projekt_Anwendung.ProjektAnwendungApplicationTests
10:25:49.412 [main] INFO org.springframework.boot.devtools.restart.RestartApplicationListener -- Restart disabled due to context in which it is running
  .   ____          _            __ _ _
 /\\ / ___'_ __ _ _(_)_ __  __ _ \ \ \ \
( ( )\___ | '_ | '_| | '_ \/ _` | \ \ \ \
 \\/  ___)| |_)| | | | | || (_| |  ) ) ) )
  '  |____| .__|_| |_|_| |_\__, | / / / /
 =========|_|==============|___/=/_/_/_/

 :: Spring Boot ::                (v3.3.0)

2024-06-29T10:25:50.034+02:00  INFO 12904 --- [Projekt_Anwendung] [           main] P.P.ProjektAnwendungApplicationTests     : Starting ProjektAnwendungApplicationTests using Java 21 with PID 12904 (started by raoul in C:\Software Technik Praktikum\project\Projekt_Anwendung)
2024-06-29T10:25:50.037+02:00  INFO 12904 --- [Projekt_Anwendung] [           main] P.P.ProjektAnwendungApplicationTests     : No active profile set, falling back to 1 default profile: "default"
2024-06-29T10:25:51.858+02:00  INFO 12904 --- [Projekt_Anwendung] [           main] .s.d.r.c.RepositoryConfigurationDelegate : Bootstrapping Spring Data JPA repositories in DEFAULT mode.
2024-06-29T10:25:52.060+02:00  INFO 12904 --- [Projekt_Anwendung] [           main] .s.d.r.c.RepositoryConfigurationDelegate : Finished Spring Data repository scanning in 184 ms. Found 4 JPA repository interfaces.
2024-06-29T10:25:53.602+02:00  INFO 12904 --- [Projekt_Anwendung] [           main] o.hibernate.jpa.internal.util.LogHelper  : HHH000204: Processing PersistenceUnitInfo [name: default]
2024-06-29T10:25:53.853+02:00  INFO 12904 --- [Projekt_Anwendung] [           main] org.hibernate.Version                    : HHH000412: Hibernate ORM core version 6.5.2.Final
2024-06-29T10:25:53.971+02:00  INFO 12904 --- [Projekt_Anwendung] [           main] o.h.c.internal.RegionFactoryInitiator    : HHH000026: Second-level cache disabled
2024-06-29T10:25:54.785+02:00  INFO 12904 --- [Projekt_Anwendung] [           main] o.s.o.j.p.SpringPersistenceUnitInfo      : No LoadTimeWeaver setup: ignoring JPA class transformer
2024-06-29T10:25:54.844+02:00  INFO 12904 --- [Projekt_Anwendung] [           main] com.zaxxer.hikari.HikariDataSource       : HikariPool-1 - Starting...
2024-06-29T10:25:55.549+02:00  INFO 12904 --- [Projekt_Anwendung] [           main] com.zaxxer.hikari.pool.HikariPool        : HikariPool-1 - Added connection com.mysql.cj.jdbc.ConnectionImpl@7d12429
2024-06-29T10:25:55.554+02:00  INFO 12904 --- [Projekt_Anwendung] [           main] com.zaxxer.hikari.HikariDataSource       : HikariPool-1 - Start completed.
2024-06-29T10:25:58.260+02:00  INFO 12904 --- [Projekt_Anwendung] [           main] o.h.e.t.j.p.i.JtaPlatformInitiator       : HHH000489: No JTA platform available (set 'hibernate.transaction.jta.platform' to enable JTA platform integration)
2024-06-29T10:25:58.521+02:00  INFO 12904 --- [Projekt_Anwendung] [           main] j.LocalContainerEntityManagerFactoryBean : Initialized JPA EntityManagerFactory for persistence unit 'default'
2024-06-29T10:25:59.373+02:00  INFO 12904 --- [Projekt_Anwendung] [           main] o.s.d.j.r.query.QueryEnhancerFactory     : Hibernate is in classpath; If applicable, HQL parser will be used.
2024-06-29T10:26:01.714+02:00  INFO 12904 --- [Projekt_Anwendung] [           main] P.P.ProjektAnwendungApplicationTests     : Started ProjektAnwendungApplicationTests in 12.381 seconds (process running for 15.498)
]]></system-out>
    <system-err><![CDATA[WARNING: A Java agent has been loaded dynamically (C:\Users\raoul\.m2\repository\net\bytebuddy\byte-buddy-agent\1.14.16\byte-buddy-agent-1.14.16.jar)
WARNING: If a serviceability tool is in use, please run with -XX:+EnableDynamicAgentLoading to hide this warning
WARNING: If a serviceability tool is not in use, please run with -Djdk.instrument.traceUsage for more information
WARNING: Dynamic loading of agents will be disallowed by default in a future release
]]></system-err>
  </testcase>
</testsuite>